<?xml version="1.0" encoding="UTF-8"?>
<testng-results ignored="4" total="5" passed="1" failed="0" skipped="0">
  <reporter-output>
  </reporter-output>
  <suite started-at="2024-06-19T16:45:30 IST" name="Suite" finished-at="2024-06-19T16:45:35 IST" duration-ms="4650">
    <groups>
      <group name="RegressionTest">
        <method signature="GroupingCases.tc001()[pri:0, instance:practice.GroupingCases@3b6ddd1d]" name="tc001" class="practice.GroupingCases"/>
      </group> <!-- RegressionTest -->
    </groups>
    <test started-at="2024-06-19T16:45:30 IST" name="Test" finished-at="2024-06-19T16:45:35 IST" duration-ms="4650">
      <class name="practice.GroupingCases">
        <test-method is-config="true" signature="initialization(java.lang.String)[pri:0, instance:practice.GroupingCases@3b6ddd1d]" started-at="2024-06-19T16:45:31 IST" name="initialization" finished-at="2024-06-19T16:45:35 IST" duration-ms="4550" status="PASS">
          <params>
            <param index="0">
              <value>
                <![CDATA[chrome]]>
              </value>
            </param>
          </params>
          <reporter-output>
          </reporter-output>
        </test-method> <!-- initialization -->
        <test-method signature="tc001()[pri:0, instance:practice.GroupingCases@3b6ddd1d]" started-at="2024-06-19T16:45:35 IST" name="tc001" finished-at="2024-06-19T16:45:35 IST" duration-ms="12" status="PASS">
          <reporter-output>
          </reporter-output>
        </test-method> <!-- tc001 -->
      </class> <!-- practice.GroupingCases -->
    </test> <!-- Test -->
  </suite> <!-- Suite -->
</testng-results>
