<?xml version="1.0" encoding="UTF-8"?>
<!-- Generated by org.testng.reporters.JUnitXMLReporter -->
<testsuite ignored="4" hostname="Nithya" failures="0" tests="1" name="Test" time="4.65" errors="0" timestamp="2024-06-19T16:45:35 IST">
  <testcase classname="practice.GroupingCases" name="tc001" time="0.012"/>
  <testcase classname="practice.GroupingCases" name="tc004" time="0.0">
    <ignored/>
  </testcase> <!-- tc004 -->
  <testcase classname="practice.GroupingCases" name="tc002" time="0.0">
    <ignored/>
  </testcase> <!-- tc002 -->
  <testcase classname="practice.GroupingCases" name="tc005" time="0.0">
    <ignored/>
  </testcase> <!-- tc005 -->
  <testcase classname="practice.GroupingCases" name="tc003" time="0.0">
    <ignored/>
  </testcase> <!-- tc003 -->
</testsuite> <!-- Test -->
